<?xml version="1.0" encoding="utf-8"?><testsuites name="pytest tests"><testsuite name="pytest" errors="0" failures="0" skipped="0" tests="22" time="3.381" timestamp="2026-05-08T07:08:35.291016+00:00" hostname="agent-env-1b43ff11-3f0f-4a08-9254-167cf41cdaea"><testcase classname="backend.tests.test_cost_observatory.TestOverview" name="test_overview" time="0.493" /><testcase classname="backend.tests.test_cost_observatory.TestOverview" name="test_chart_daily" time="0.070" /><testcase classname="backend.tests.test_cost_observatory.TestOverview" name="test_providers" time="0.073" /><testcase classname="backend.tests.test_cost_observatory.TestEntities" name="test_top_entities" time="0.074" /><testcase classname="backend.tests.test_cost_observatory.TestEntities" name="test_by_type" time="0.070" /><testcase classname="backend.tests.test_cost_observatory.TestLogs" name="test_logs_no_filter" time="0.070" /><testcase classname="backend.tests.test_cost_observatory.TestLogs" name="test_logs_filter_provider_claude" time="0.072" /><testcase classname="backend.tests.test_cost_observatory.TestLogs" name="test_logs_filter_status_failed" time="0.070" /><testcase classname="backend.tests.test_cost_observatory.TestLogs" name="test_latency" time="0.071" /><testcase classname="backend.tests.test_cost_observatory.TestPricing" name="test_list_pricing" time="0.072" /><testcase classname="backend.tests.test_cost_observatory.TestPricing" name="test_set_pricing_override" time="0.072" /><testcase classname="backend.tests.test_cost_observatory.TestBudgets" name="test_list_budgets" time="0.069" /><testcase classname="backend.tests.test_cost_observatory.TestBudgets" name="test_set_budget_perplexity" time="0.137" /><testcase classname="backend.tests.test_cost_observatory.TestAlerts" name="test_open_alerts" time="0.076" /><testcase classname="backend.tests.test_cost_observatory.TestAlerts" name="test_run_checks" time="0.606" /><testcase classname="backend.tests.test_cost_observatory.TestBalance" name="test_balance" time="0.537" /><testcase classname="backend.tests.test_cost_observatory.TestBackfill" name="test_backfill_structure" time="0.075" /><testcase classname="backend.tests.test_cost_observatory.TestAlertConfig" name="test_get_alert_config" time="0.073" /><testcase classname="backend.tests.test_cost_observatory.TestAlertConfig" name="test_save_alert_config" time="0.071" /><testcase classname="backend.tests.test_cost_observatory.TestExport" name="test_export_csv" time="0.075" /><testcase classname="backend.tests.test_cost_observatory.TestCatalog" name="test_resend_in_catalog" time="0.140" /><testcase classname="backend.tests.test_cost_observatory.TestAuthRequired" name="test_overview_no_token_401" time="0.214" /></testsuite></testsuites>