<?xml version="1.0" encoding="utf-8"?><testsuites name="pytest tests"><testsuite name="pytest" errors="0" failures="0" skipped="0" tests="25" time="9.415" timestamp="2026-05-08T16:02:44.473311+00:00" hostname="agent-env-1b43ff11-3f0f-4a08-9254-167cf41cdaea"><testcase classname="backend.tests.test_cwv_automation" name="test_auth_required" time="0.272" /><testcase classname="backend.tests.test_cwv_automation" name="test_scan_returns_full_payload" time="0.460" /><testcase classname="backend.tests.test_cwv_automation" name="test_scan_persisted_no_id_leak" time="0.171" /><testcase classname="backend.tests.test_cwv_automation" name="test_scan_detail_by_id" time="0.137" /><testcase classname="backend.tests.test_cwv_automation" name="test_scan_detail_not_found" time="0.158" /><testcase classname="backend.tests.test_cwv_automation" name="test_actions_for_target" time="0.171" /><testcase classname="backend.tests.test_cwv_automation" name="test_patch_generators_ok[CWV-2]" time="0.152" /><testcase classname="backend.tests.test_cwv_automation" name="test_patch_generators_ok[CWV-3]" time="0.148" /><testcase classname="backend.tests.test_cwv_automation" name="test_patch_generators_ok[CWV-4]" time="0.137" /><testcase classname="backend.tests.test_cwv_automation" name="test_patch_generators_ok[CWV-7]" time="0.138" /><testcase classname="backend.tests.test_cwv_automation" name="test_patch_generators_ok[CWV-8]" time="0.172" /><testcase classname="backend.tests.test_cwv_automation" name="test_patch_generators_ok[CWV-9]" time="0.179" /><testcase classname="backend.tests.test_cwv_automation" name="test_patch_generators_ok[CWV-10]" time="0.173" /><testcase classname="backend.tests.test_cwv_automation" name="test_patch_generators_ok[CWV-12]" time="0.154" /><testcase classname="backend.tests.test_cwv_automation" name="test_patch_cwv1_returns_error" time="0.147" /><testcase classname="backend.tests.test_cwv_automation" name="test_patch_cwv3_is_jsx_hero_picture" time="0.157" /><testcase classname="backend.tests.test_cwv_automation" name="test_patch_cwv4_is_html_with_preload" time="0.133" /><testcase classname="backend.tests.test_cwv_automation" name="test_auto_fix_cwv5" time="0.125" /><testcase classname="backend.tests.test_cwv_automation" name="test_auto_fix_cwv6" time="0.137" /><testcase classname="backend.tests.test_cwv_automation" name="test_auto_fix_cwv11" time="0.141" /><testcase classname="backend.tests.test_cwv_automation" name="test_auto_fix_cwv1_images" time="4.658" /><testcase classname="backend.tests.test_cwv_automation" name="test_auto_fix_cwv2_manual_only" time="0.141" /><testcase classname="backend.tests.test_cwv_automation" name="test_auto_fix_all" time="0.131" /><testcase classname="backend.tests.test_cwv_automation" name="test_mark_applied_then_reset" time="0.749" /><testcase classname="backend.tests.test_cwv_automation" name="test_score_history" time="0.154" /></testsuite></testsuites>