<?xml version="1.0" encoding="utf-8"?><testsuites name="pytest tests"><testsuite name="pytest" errors="0" failures="0" skipped="0" tests="15" time="1.555" timestamp="2026-05-03T01:10:16.907844+00:00" hostname="agent-env-1b43ff11-3f0f-4a08-9254-167cf41cdaea"><testcase classname="backend.tests.test_event_slugs.TestEventsList" name="test_events_list_has_slug_per_event" time="0.198" /><testcase classname="backend.tests.test_event_slugs.TestEventBySlug" name="test_get_event_by_real_slug" time="0.118" /><testcase classname="backend.tests.test_event_slugs.TestEventBySlug" name="test_get_event_by_nonexistent_slug_returns_404" time="0.057" /><testcase classname="backend.tests.test_event_slugs.TestEventById" name="test_get_event_by_id_includes_slug" time="0.051" /><testcase classname="backend.tests.test_event_slugs.TestSitemapEventUrls" name="test_sitemap_uses_new_event_slug_urls" time="0.109" /><testcase classname="backend.tests.test_event_slugs.TestSitemapEventUrls" name="test_sitemap_does_not_emit_old_event_id_urls" time="0.069" /><testcase classname="backend.tests.test_event_slugs.TestAdminSyncEventSlugs" name="test_sync_event_slugs_requires_auth" time="0.058" /><testcase classname="backend.tests.test_event_slugs.TestAdminSyncEventSlugs" name="test_sync_event_slugs_with_admin_token" time="0.138" /><testcase classname="backend.tests.test_event_slugs.TestPrerenderEvent" name="test_prerender_event_by_slug" time="0.057" /><testcase classname="backend.tests.test_event_slugs.TestPrerenderEvent" name="test_prerender_event_by_objectid_backward_compat" time="0.052" /><testcase classname="backend.tests.test_event_slugs.TestDBSlugIntegrity" name="test_all_events_in_listing_have_slug" time="0.061" /><testcase classname="backend.tests.test_event_slugs.TestDBSlugIntegrity" name="test_no_duplicate_slugs_in_first_pages" time="0.357" /><testcase classname="backend.tests.test_event_slugs.TestRegression" name="test_health" time="0.054" /><testcase classname="backend.tests.test_event_slugs.TestRegression" name="test_admin_login" time="0.053" /><testcase classname="backend.tests.test_event_slugs.TestRegression" name="test_prerender_home" time="0.055" /></testsuite></testsuites>