<?xml version="1.0" encoding="utf-8"?><testsuites name="pytest tests"><testsuite name="pytest" errors="0" failures="0" skipped="0" tests="12" time="33.845" timestamp="2026-04-29T02:55:04.201514+00:00" hostname="agent-env-1b43ff11-3f0f-4a08-9254-167cf41cdaea"><testcase classname="backend.tests.test_p2_refactor.TestAdminTokenDBPersistence" name="test_login_returns_token_and_expires" time="0.133" /><testcase classname="backend.tests.test_p2_refactor.TestAdminTokenDBPersistence" name="test_verify_with_valid_token" time="0.104" /><testcase classname="backend.tests.test_p2_refactor.TestAdminTokenDBPersistence" name="test_verify_with_invalid_token" time="0.048" /><testcase classname="backend.tests.test_p2_refactor.TestAdminTokenDBPersistence" name="test_verify_no_authorization_header" time="0.048" /><testcase classname="backend.tests.test_p2_refactor.TestAdminTokenDBPersistence" name="test_token_persists_after_backend_restart" time="2.341" /><testcase classname="backend.tests.test_p2_refactor.TestAdminTokenDBPersistence" name="test_logout_invalidates_token" time="0.143" /><testcase classname="backend.tests.test_p2_refactor.TestLeaguesRegression" name="test_leagues_endpoint" time="0.052" /><testcase classname="backend.tests.test_p2_refactor.TestLeaguesRegression" name="test_active_slugs_count" time="0.052" /><testcase classname="backend.tests.test_p2_refactor.TestLeaguesRegression" name="test_events_endpoint" time="0.049" /><testcase classname="backend.tests.test_p2_refactor.TestParallelMatchesioSync" name="test_sync_completes_under_60s" time="2.633" /><testcase classname="backend.tests.test_p2_refactor.TestParallelMatchesioSync" name="test_events_have_team_logos_field" time="0.049" /><testcase classname="backend.tests.test_p2_refactor.TestEventLoopNotBlocked" name="test_logo_sync_does_not_block_event_loop" time="28.143" /></testsuite></testsuites>