<?xml version="1.0" encoding="utf-8"?><testsuites name="pytest tests"><testsuite name="pytest" errors="0" failures="0" skipped="0" tests="19" time="1.349" timestamp="2026-05-02T16:03:02.991556+00:00" hostname="agent-env-1b43ff11-3f0f-4a08-9254-167cf41cdaea"><testcase classname="backend.tests.test_prerender_api.TestRegressionExistingEndpoints" name="test_health_ok" time="0.229" /><testcase classname="backend.tests.test_prerender_api.TestRegressionExistingEndpoints" name="test_events_listing" time="0.054" /><testcase classname="backend.tests.test_prerender_api.TestRegressionExistingEndpoints" name="test_sitemap_xml" time="0.095" /><testcase classname="backend.tests.test_prerender_api.TestRegressionExistingEndpoints" name="test_robots_backend_endpoint" time="0.047" /><testcase classname="backend.tests.test_prerender_api.TestRegressionExistingEndpoints" name="test_static_robots_txt_served_by_frontend" time="0.052" /><testcase classname="backend.tests.test_prerender_api.TestRegressionExistingEndpoints" name="test_static_llms_txt_served_by_frontend" time="0.051" /><testcase classname="backend.tests.test_prerender_api.TestRegressionExistingEndpoints" name="test_admin_login_still_works" time="0.051" /><testcase classname="backend.tests.test_prerender_api.TestPrerenderHome" name="test_home_returns_html_200" time="0.064" /><testcase classname="backend.tests.test_prerender_api.TestPrerenderHome" name="test_home_contains_seo_basics" time="0.060" /><testcase classname="backend.tests.test_prerender_api.TestPrerenderHome" name="test_home_has_jsonld_org_and_website" time="0.051" /><testcase classname="backend.tests.test_prerender_api.TestPrerenderHome" name="test_home_contains_keyword_content" time="0.060" /><testcase classname="backend.tests.test_prerender_api.TestPrerenderLeague" name="test_league_200_with_schema[serie-a]" time="0.053" /><testcase classname="backend.tests.test_prerender_api.TestPrerenderLeague" name="test_league_200_with_schema[champions-league]" time="0.048" /><testcase classname="backend.tests.test_prerender_api.TestPrerenderLeague" name="test_league_404_for_unknown_slug" time="0.053" /><testcase classname="backend.tests.test_prerender_api.TestPrerenderTeam" name="test_team_200_with_schema[inter]" time="0.050" /><testcase classname="backend.tests.test_prerender_api.TestPrerenderTeam" name="test_team_200_with_schema[liverpool]" time="0.052" /><testcase classname="backend.tests.test_prerender_api.TestPrerenderEvent" name="test_event_200_valid" time="0.107" /><testcase classname="backend.tests.test_prerender_api.TestPrerenderEvent" name="test_event_404_invalid" time="0.055" /><testcase classname="backend.tests.test_prerender_api.TestGooglebotHomepage" name="test_homepage_as_googlebot_has_seo_fallback" time="0.053" /></testsuite></testsuites>