<?xml version="1.0" encoding="utf-8"?><testsuites name="pytest tests"><testsuite name="pytest" errors="0" failures="0" skipped="0" tests="17" time="3.373" timestamp="2026-02-24T15:55:24.457909+00:00" hostname="agent-env-351e265d-43d1-4f0e-a731-f1884677d8df"><testcase classname="tests.test_events_api.TestHealthCheck" name="test_api_root" time="0.299" /><testcase classname="tests.test_events_api.TestEventsAPI" name="test_get_all_events_success" time="0.227" /><testcase classname="tests.test_events_api.TestEventsAPI" name="test_events_sorted_by_date_ascending" time="0.184" /><testcase classname="tests.test_events_api.TestEventsAPI" name="test_events_pagination" time="0.295" /><testcase classname="tests.test_events_api.TestEventsAPI" name="test_events_search_filter" time="0.124" /><testcase classname="tests.test_events_api.TestEventsAPI" name="test_events_league_filter" time="0.217" /><testcase classname="tests.test_events_api.TestSearchAPI" name="test_search_events_success" time="0.128" /><testcase classname="tests.test_events_api.TestSearchAPI" name="test_search_events_sorted_by_date" time="0.153" /><testcase classname="tests.test_events_api.TestSearchAPI" name="test_search_empty_query_returns_error" time="0.144" /><testcase classname="tests.test_events_api.TestCategoriesAPI" name="test_get_all_categories" time="0.219" /><testcase classname="tests.test_events_api.TestCategoriesAPI" name="test_get_category_with_events" time="0.275" /><testcase classname="tests.test_events_api.TestCategoriesAPI" name="test_category_events_sorted_by_date" time="0.315" /><testcase classname="tests.test_events_api.TestTeamSearch" name="test_search_inter_events" time="0.107" /><testcase classname="tests.test_events_api.TestTeamSearch" name="test_search_milan_events" time="0.130" /><testcase classname="tests.test_events_api.TestTeamSearch" name="test_search_barcelona_events" time="0.175" /><testcase classname="tests.test_events_api.TestCupEvents" name="test_champions_league_events" time="0.135" /><testcase classname="tests.test_events_api.TestCupEvents" name="test_coppa_italia_events" time="0.122" /></testsuite></testsuites>