<?xml version="1.0" encoding="utf-8"?><testsuites name="pytest tests"><testsuite name="pytest" errors="0" failures="0" skipped="0" tests="31" time="6.783" timestamp="2026-05-08T07:08:42.882106+00:00" hostname="agent-env-1b43ff11-3f0f-4a08-9254-167cf41cdaea"><testcase classname="backend.tests.test_seo_intelligence.TestTopicCluster" name="test_overview" time="0.349" /><testcase classname="backend.tests.test_seo_intelligence.TestTopicCluster" name="test_league_serie_a_links" time="0.128" /><testcase classname="backend.tests.test_seo_intelligence.TestTopicCluster" name="test_team_links_has_parent_league" time="0.264" /><testcase classname="backend.tests.test_seo_intelligence.TestTopicCluster" name="test_event_links_no_inter_miami_collision" time="0.348" /><testcase classname="backend.tests.test_seo_intelligence.TestCannibalization" name="test_scan_threshold_85" time="0.903" /><testcase classname="backend.tests.test_seo_intelligence.TestCannibalization" name="test_scan_threshold_95_stricter" time="1.890" /><testcase classname="backend.tests.test_seo_intelligence.TestHreflang" name="test_scan_returns_invalid" time="0.173" /><testcase classname="backend.tests.test_seo_intelligence.TestHreflang" name="test_validate_serie_a" time="0.110" /><testcase classname="backend.tests.test_seo_intelligence.TestFaq" name="test_get_faq_admin" time="0.109" /><testcase classname="backend.tests.test_seo_intelligence.TestFaq" name="test_faq_public_no_auth" time="0.104" /><testcase classname="backend.tests.test_seo_intelligence.TestJsonLdValidator" name="test_scan" time="0.109" /><testcase classname="backend.tests.test_seo_intelligence.TestTrustScore" name="test_event_public_no_auth" time="0.291" /><testcase classname="backend.tests.test_seo_intelligence.TestTrustScore" name="test_not_found" time="0.105" /><testcase classname="backend.tests.test_seo_intelligence.TestTeamVerifier" name="test_latest" time="0.126" /><testcase classname="backend.tests.test_seo_intelligence.TestEventsLeagueCaseInsensitive" name="test_coppa_italia_uppercase" time="0.128" /><testcase classname="backend.tests.test_seo_intelligence.TestEventsLeagueCaseInsensitive" name="test_coppa_italia_titlecase_returns_same" time="0.229" /><testcase classname="backend.tests.test_event_slugs.TestEventsList" name="test_events_list_has_slug_per_event" time="0.124" /><testcase classname="backend.tests.test_event_slugs.TestEventBySlug" name="test_get_event_by_real_slug" time="0.120" /><testcase classname="backend.tests.test_event_slugs.TestEventBySlug" name="test_get_event_by_nonexistent_slug_returns_404" time="0.048" /><testcase classname="backend.tests.test_event_slugs.TestEventById" name="test_get_event_by_id_includes_slug" time="0.053" /><testcase classname="backend.tests.test_event_slugs.TestSitemapEventUrls" name="test_sitemap_uses_new_event_slug_urls" time="0.111" /><testcase classname="backend.tests.test_event_slugs.TestSitemapEventUrls" name="test_sitemap_does_not_emit_old_event_id_urls" time="0.063" /><testcase classname="backend.tests.test_event_slugs.TestAdminSyncEventSlugs" name="test_sync_event_slugs_requires_auth" time="0.049" /><testcase classname="backend.tests.test_event_slugs.TestAdminSyncEventSlugs" name="test_sync_event_slugs_with_admin_token" time="0.172" /><testcase classname="backend.tests.test_event_slugs.TestPrerenderEvent" name="test_prerender_event_by_slug" time="0.051" /><testcase classname="backend.tests.test_event_slugs.TestPrerenderEvent" name="test_prerender_event_by_objectid_backward_compat" time="0.048" /><testcase classname="backend.tests.test_event_slugs.TestDBSlugIntegrity" name="test_all_events_in_listing_have_slug" time="0.058" /><testcase classname="backend.tests.test_event_slugs.TestDBSlugIntegrity" name="test_no_duplicate_slugs_in_first_pages" time="0.306" /><testcase classname="backend.tests.test_event_slugs.TestRegression" name="test_health" time="0.049" /><testcase classname="backend.tests.test_event_slugs.TestRegression" name="test_admin_login" time="0.047" /><testcase classname="backend.tests.test_event_slugs.TestRegression" name="test_prerender_home" time="0.050" /></testsuite></testsuites>