<?xml version="1.0" encoding="utf-8"?><testsuites name="pytest tests"><testsuite name="pytest" errors="0" failures="0" skipped="0" tests="16" time="2.130" timestamp="2026-02-25T05:24:47.425548+00:00" hostname="agent-env-1b43ff11-3f0f-4a08-9254-167cf41cdaea"><testcase classname="tests.test_seo_api.TestSEOEndpoints" name="test_sitemap_xml_returns_200" time="0.192" /><testcase classname="tests.test_seo_api.TestSEOEndpoints" name="test_sitemap_xml_content_type" time="0.127" /><testcase classname="tests.test_seo_api.TestSEOEndpoints" name="test_sitemap_xml_valid_structure" time="0.110" /><testcase classname="tests.test_seo_api.TestSEOEndpoints" name="test_sitemap_contains_homepage" time="0.105" /><testcase classname="tests.test_seo_api.TestSEOEndpoints" name="test_sitemap_contains_multilingual_leagues" time="0.146" /><testcase classname="tests.test_seo_api.TestSEOEndpoints" name="test_sitemap_contains_team_urls" time="0.108" /><testcase classname="tests.test_seo_api.TestSEOEndpoints" name="test_sitemap_contains_event_urls" time="0.121" /><testcase classname="tests.test_seo_api.TestSEOEndpoints" name="test_sitemap_priority_values" time="0.111" /><testcase classname="tests.test_seo_api.TestSEOEndpoints" name="test_robots_txt_returns_200" time="0.105" /><testcase classname="tests.test_seo_api.TestSEOEndpoints" name="test_robots_txt_content_type" time="0.113" /><testcase classname="tests.test_seo_api.TestSEOEndpoints" name="test_robots_txt_allows_all" time="0.108" /><testcase classname="tests.test_seo_api.TestSEOEndpoints" name="test_robots_txt_contains_sitemap_url" time="0.106" /><testcase classname="tests.test_seo_api.TestSEOEndpoints" name="test_robots_txt_disallows_admin" time="0.112" /><testcase classname="tests.test_seo_api.TestAPIEndpoints" name="test_api_root" time="0.150" /><testcase classname="tests.test_seo_api.TestAPIEndpoints" name="test_events_endpoint" time="0.102" /><testcase classname="tests.test_seo_api.TestAPIEndpoints" name="test_single_event_endpoint" time="0.202" /></testsuite></testsuites>