<?xml version="1.0" encoding="utf-8"?><testsuites name="pytest tests"><testsuite name="pytest" errors="0" failures="1" skipped="0" tests="15" time="20.268" timestamp="2026-05-07T07:04:02.852891+00:00" hostname="agent-env-1b43ff11-3f0f-4a08-9254-167cf41cdaea"><testcase classname="backend.tests.test_seo_phase3.TestExport" name="test_export_json_team_published" time="0.369" /><testcase classname="backend.tests.test_seo_phase3.TestExport" name="test_export_csv_all_published" time="0.132" /><testcase classname="backend.tests.test_seo_phase3.TestExport" name="test_export_ndjson_team" time="0.144" /><testcase classname="backend.tests.test_seo_phase3.TestExport" name="test_export_requires_auth" time="0.104" /><testcase classname="backend.tests.test_seo_phase3.TestHeroImage" name="test_serve_existing_uploads" time="0.172" /><testcase classname="backend.tests.test_seo_phase3.TestHeroImage" name="test_serve_uploads_404" time="0.096" /><testcase classname="backend.tests.test_seo_phase3.TestHeroImage" name="test_generate_hero_team_inter" time="16.891" /><testcase classname="backend.tests.test_seo_phase3.TestHeroImage" name="test_hero_invalid_type" time="0.109" /><testcase classname="backend.tests.test_seo_phase3.TestHeroImage" name="test_hero_not_found" time="0.100" /><testcase classname="backend.tests.test_seo_phase3.TestBulkGenerate" name="test_bulk_serie_a_team" time="1.280"><failure message="AssertionError: Unexpected seo_status=&#10;assert '' in ('Generating', 'Published', 'Failed', 'Draft', 'succeeded', 'Generated')">backend/tests/test_seo_phase3.py:210: in test_bulk_serie_a_team
    assert status in ("Generating", "Published", "Failed", "Draft", "succeeded", "Generated"), f"Unexpected seo_status={status}"
E   AssertionError: Unexpected seo_status=
E   assert '' in ('Generating', 'Published', 'Failed', 'Draft', 'succeeded', 'Generated')</failure></testcase><testcase classname="backend.tests.test_seo_phase3.TestBulkGenerate" name="test_bulk_event_type" time="0.136" /><testcase classname="backend.tests.test_seo_phase3.TestBulkGenerate" name="test_bulk_invalid_type" time="0.184" /><testcase classname="backend.tests.test_seo_phase3.TestBulkGenerate" name="test_bulk_requires_auth" time="0.105" /><testcase classname="backend.tests.test_seo_phase3.TestEntitySeoHeroField" name="test_team_api_exposes_hero_url" time="0.145" /><testcase classname="backend.tests.test_seo_phase3.TestEntitySeoHeroField" name="test_league_api_exposes_hero_url" time="0.192" /></testsuite></testsuites>