<?xml version="1.0" encoding="utf-8"?><testsuites name="pytest tests"><testsuite name="pytest" errors="0" failures="1" skipped="0" tests="14" time="58.523" timestamp="2026-05-07T06:31:15.894002+00:00" hostname="agent-env-1b43ff11-3f0f-4a08-9254-167cf41cdaea"><testcase classname="backend.tests.test_seo_pipeline_phase2.TestAdminAuth" name="test_login_returns_token" time="0.227" /><testcase classname="backend.tests.test_seo_pipeline_phase2.TestAdminAuth" name="test_unauth_generate_blocked" time="0.117" /><testcase classname="backend.tests.test_seo_pipeline_phase2.TestJobList" name="test_list_succeeded_jobs" time="0.101" /><testcase classname="backend.tests.test_seo_pipeline_phase2.TestJobList" name="test_existing_succeeded_job_has_steps" time="0.127"><failure message="AssertionError: No expected pipeline steps; got set()&#10;assert (set() &amp; {'claude_copy_it', 'deepl_translate', 'entity_context', 'gemini_schema', 'keywords', 'perplexity_faq', ...})">backend/tests/test_seo_pipeline_phase2.py:112: in test_existing_succeeded_job_has_steps
    assert step_names &amp; expected_any, f"No expected pipeline steps; got {step_names}"
E   AssertionError: No expected pipeline steps; got set()
E   assert (set() &amp; {'claude_copy_it', 'deepl_translate', 'entity_context', 'gemini_schema', 'keywords', 'perplexity_faq', ...})</failure></testcase><testcase classname="backend.tests.test_seo_pipeline_phase2.TestGenerateTeam" name="test_generate_returns_queued" time="56.767" /><testcase classname="backend.tests.test_seo_pipeline_phase2.TestGenerateTeam" name="test_team_draft_has_all_languages" time="0.134" /><testcase classname="backend.tests.test_seo_pipeline_phase2.TestGenerateTeam" name="test_team_translations_are_distinct" time="0.112" /><testcase classname="backend.tests.test_seo_pipeline_phase2.TestGenerateTeam" name="test_team_schema_jsonld_graph" time="0.146" /><testcase classname="backend.tests.test_seo_pipeline_phase2.TestPublishTeam" name="test_publish_writes_direct_fields" time="0.106" /><testcase classname="backend.tests.test_seo_pipeline_phase2.TestPublishTeam" name="test_team_entity_has_published_seo" time="0.118" /><testcase classname="backend.tests.test_seo_pipeline_phase2.TestLeagueDraft" name="test_league_draft_present" time="0.126" /><testcase classname="backend.tests.test_seo_pipeline_phase2.TestLeagueDraft" name="test_league_schema_has_sports_organization" time="0.108" /><testcase classname="backend.tests.test_seo_pipeline_phase2.TestEventDraft" name="test_event_schema_sports_event" time="0.142" /><testcase classname="backend.tests.test_seo_pipeline_phase2.TestBulkGenerate" name="test_bulk_generate_accepts_payload" time="0.123" /></testsuite></testsuites>