<?xml version="1.0" encoding="utf-8"?><testsuites name="pytest tests"><testsuite name="pytest" errors="0" failures="0" skipped="0" tests="16" time="5.676" timestamp="2026-05-08T01:53:11.193041+00:00" hostname="agent-env-1b43ff11-3f0f-4a08-9254-167cf41cdaea"><testcase classname="backend.tests.test_seo_intelligence.TestTopicCluster" name="test_overview" time="0.423" /><testcase classname="backend.tests.test_seo_intelligence.TestTopicCluster" name="test_league_serie_a_links" time="0.126" /><testcase classname="backend.tests.test_seo_intelligence.TestTopicCluster" name="test_team_links_has_parent_league" time="0.275" /><testcase classname="backend.tests.test_seo_intelligence.TestTopicCluster" name="test_event_links_no_inter_miami_collision" time="0.294" /><testcase classname="backend.tests.test_seo_intelligence.TestCannibalization" name="test_scan_threshold_85" time="1.021" /><testcase classname="backend.tests.test_seo_intelligence.TestCannibalization" name="test_scan_threshold_95_stricter" time="2.027" /><testcase classname="backend.tests.test_seo_intelligence.TestHreflang" name="test_scan_returns_invalid" time="0.110" /><testcase classname="backend.tests.test_seo_intelligence.TestHreflang" name="test_validate_serie_a" time="0.115" /><testcase classname="backend.tests.test_seo_intelligence.TestFaq" name="test_get_faq_admin" time="0.108" /><testcase classname="backend.tests.test_seo_intelligence.TestFaq" name="test_faq_public_no_auth" time="0.111" /><testcase classname="backend.tests.test_seo_intelligence.TestJsonLdValidator" name="test_scan" time="0.109" /><testcase classname="backend.tests.test_seo_intelligence.TestTrustScore" name="test_event_public_no_auth" time="0.223" /><testcase classname="backend.tests.test_seo_intelligence.TestTrustScore" name="test_not_found" time="0.136" /><testcase classname="backend.tests.test_seo_intelligence.TestTeamVerifier" name="test_latest" time="0.134" /><testcase classname="backend.tests.test_seo_intelligence.TestEventsLeagueCaseInsensitive" name="test_coppa_italia_uppercase" time="0.126" /><testcase classname="backend.tests.test_seo_intelligence.TestEventsLeagueCaseInsensitive" name="test_coppa_italia_titlecase_returns_same" time="0.260" /></testsuite></testsuites>