<?xml version="1.0" encoding="utf-8"?><testsuites name="pytest tests"><testsuite name="pytest" errors="0" failures="0" skipped="1" tests="10" time="1.979" timestamp="2026-05-07T07:41:04.420231+00:00" hostname="agent-env-1b43ff11-3f0f-4a08-9254-167cf41cdaea"><testcase classname="tests.test_seo_phase4_health.TestTeamSlugLeakage" name="test_inter_returns_only_serie_a_no_inter_miami" time="0.262" /><testcase classname="tests.test_seo_phase4_health.TestTeamSlugLeakage" name="test_roma_no_collision" time="0.136"><skipped type="pytest.skip" message="Team 'roma' not in DB">/app/backend/tests/test_seo_phase4_health.py:65: Team 'roma' not in DB</skipped></testcase><testcase classname="tests.test_seo_phase4_health.TestPublicTeamPage" name="test_biglietti_inter_no_long_h1_pattern" time="0.132" /><testcase classname="tests.test_seo_phase4_health.TestHealthScan" name="test_scan_endpoint_returns_summary" time="0.349" /><testcase classname="tests.test_seo_phase4_health.TestHealthScan" name="test_scan_requires_auth" time="0.126" /><testcase classname="tests.test_seo_phase4_health.TestHealthRunSave" name="test_run_saves_report" time="0.169" /><testcase classname="tests.test_seo_phase4_health.TestHealthRunSave" name="test_latest_report" time="0.134" /><testcase classname="tests.test_seo_phase4_health.TestHealthExport" name="test_export_json" time="0.158" /><testcase classname="tests.test_seo_phase4_health.TestHealthExport" name="test_export_csv" time="0.162" /><testcase classname="tests.test_seo_phase4_health.TestBulkFixJobQueue" name="test_bulk_fix_creates_job" time="0.283" /></testsuite></testsuites>