<?xml version="1.0" encoding="utf-8"?><testsuites name="pytest tests"><testsuite name="pytest" errors="0" failures="0" skipped="0" tests="13" time="23.222" timestamp="2026-04-28T17:50:12.789602+00:00" hostname="agent-env-1b43ff11-3f0f-4a08-9254-167cf41cdaea"><testcase classname="backend.tests.test_sync_matchesio.TestAdminAuth" name="test_login_success" time="0.271" /><testcase classname="backend.tests.test_sync_matchesio.TestAdminAuth" name="test_login_invalid" time="0.053" /><testcase classname="backend.tests.test_sync_matchesio.TestSyncAuthGating" name="test_sync_no_token_returns_401" time="0.053" /><testcase classname="backend.tests.test_sync_matchesio.TestSyncAuthGating" name="test_logs_no_token_returns_401" time="0.049" /><testcase classname="backend.tests.test_sync_matchesio.TestSyncReplaceAll" name="test_sync_replace_all_true" time="11.070" /><testcase classname="backend.tests.test_sync_matchesio.TestEventsAfterSync" name="test_events_present" time="0.055" /><testcase classname="backend.tests.test_sync_matchesio.TestEventsAfterSync" name="test_event_has_standard_sectors" time="0.052" /><testcase classname="backend.tests.test_sync_matchesio.TestEventsAfterSync" name="test_event_no_price_range" time="0.053" /><testcase classname="backend.tests.test_sync_matchesio.TestEventsAfterSync" name="test_past_events_filter" time="0.062" /><testcase classname="backend.tests.test_sync_matchesio.TestSyncLogs" name="test_logs_returns_list" time="0.065" /><testcase classname="backend.tests.test_sync_matchesio.TestSyncUpsert" name="test_sync_replace_all_false" time="11.250" /><testcase classname="backend.tests.test_sync_matchesio.TestRegression" name="test_leagues_endpoint" time="0.060" /><testcase classname="backend.tests.test_sync_matchesio.TestRegression" name="test_events_endpoint_basic" time="0.057" /></testsuite></testsuites>